<?xml version="1.0" encoding="UTF-8"?>
<!-- Generated by org.testng.reporters.JUnitReportReporter -->
<testsuite hostname="DESKTOP-K0O982J" name="maven.testcases" tests="1" failures="0" timestamp="13 Oct 2020 09:05:11 GMT" time="8.156" errors="0">
  <testcase name="test1" time="8.156" classname="maven.testcases"/>
</testsuite> <!-- maven.testcases -->
