<?xml version="1.0" encoding="UTF-8"?>
<!-- Generated by org.testng.reporters.JUnitReportReporter -->
<testsuite hostname="DESKTOP-K0O982J" name="maven.testcases4" tests="1" failures="0" timestamp="14 Oct 2020 04:02:27 GMT" time="15.891" errors="0">
  <testcase name="testcase4" time="15.891" classname="maven.testcases4"/>
</testsuite> <!-- maven.testcases4 -->
