<?xml version="1.0" encoding="UTF-8"?>
<!-- Generated by org.testng.reporters.JUnitReportReporter -->
<testsuite hostname="DESKTOP-K0O982J" name="maven.testcase2" tests="1" failures="0" timestamp="14 Oct 2020 04:29:04 GMT" time="7.822" errors="0">
  <testcase name="test" time="7.822" classname="maven.testcase2"/>
</testsuite> <!-- maven.testcase2 -->
