<?xml version="1.0" encoding="UTF-8"?>
<!-- Generated by org.testng.reporters.JUnitReportReporter -->
<testsuite hostname="DESKTOP-K0O982J" name="maven.testcases2" tests="1" failures="0" timestamp="13 Oct 2020 09:10:50 GMT" time="8.131" errors="0">
  <testcase name="testcase2" time="8.131" classname="maven.testcases2"/>
</testsuite> <!-- maven.testcases2 -->
