<?xml version="1.0" encoding="UTF-8"?>
<!-- Generated by org.testng.reporters.JUnitReportReporter -->
<testsuite hostname="DESKTOP-K0O982J" name="maven.testcase1" tests="1" failures="0" timestamp="14 Oct 2020 04:03:35 GMT" time="21.027" errors="0">
  <testcase name="testcas" time="21.027" classname="maven.testcase1"/>
</testsuite>
